2019/10/3 19:02:04          Server started .
2019/10/3 19:02:04          Sock 0 starts listening ...
2019/10/3 19:02:23          Sock 1 connected , remote IP : 127.0.0.1
2019/10/3 19:03:01          Server started .
2019/10/3 19:03:01          Sock 0 starts listening ...
2019/10/3 19:04:28          Sock 1 connected , remote IP : 127.0.0.1
2019/10/3 19:04:58          Sock 1 : QQ 1361778219 joined the game .
2019/10/3 19:05:32          Sock 1 disconnected .
2019/10/3 19:09:04          Server started .
2019/10/3 19:09:04          User information has been created , 1 users in total .
2019/10/3 19:09:04          Sock 0 starts listening ...
2019/10/3 19:09:24          Server started .
2019/10/3 19:09:24          User information has been created , 1 users in total .
2019/10/3 19:09:24          Sock 0 starts listening ...
2019/10/3 19:09:35          Server started .
2019/10/3 19:09:35          User information has been created , 1 users in total .
2019/10/3 19:09:35          Sock 0 starts listening ...
2019/10/3 19:10:15          Server started .
2019/10/3 19:10:15          User information has been created , 1 users in total .
2019/10/3 19:10:15          Sock 0 starts listening ...
2019/10/3 19:10:29          Server started .
2019/10/3 19:10:29          User information has been created , 1 users in total .
2019/10/3 19:10:29          Sock 0 starts listening ...
2019/10/3 19:10:38          Server started .
2019/10/3 19:10:38          User information has been created , 1 users in total .
2019/10/3 19:10:38          Sock 0 starts listening ...
