Server started .
2019/10/3 18:14:58          Server started .
2019/10/3 18:15:17          Server started .
2019/10/3 18:25:25          Server started .
2019/10/3 18:25:26          Sock 0 starts listening ...
2019/10/3 18:26:12          Server started .
2019/10/3 18:26:12          Sock 0 starts listening ...
2019/10/3 18:28:52          Sock 1 connected , remote IP : 127.0.0.1
2019/10/3 18:30:32          Sock 1 disconnected .
2019/10/3 18:33:28          Sock 1 connected , remote IP : 127.0.0.1
2019/10/3 18:33:33          Sock 1 disconnected .
2019/10/3 18:34:12          Server started .
2019/10/3 18:34:12          Sock 0 starts listening ...
2019/10/3 18:34:32          Server started .
2019/10/3 18:34:32          Sock 0 starts listening ...
2019/10/3 18:35:23          Server started .
2019/10/3 18:35:23          Sock 0 starts listening ...
2019/10/3 18:35:42          Server started .
2019/10/3 18:35:42          Sock 0 starts listening ...
2019/10/3 18:59:27          Server started .
2019/10/3 18:59:27          Sock 0 starts listening ...
2019/10/3 18:59:48          Sock 1 connected , remote IP : 127.0.0.1
